************************************************************************
**                                                                    **
**                                                                    **
**                    Altair MotionSolve(TM) 2022                     **
**                                                                    **
**                Multi-body Dynamics Analysis Software               **
**                   from Altair Engineering, Inc.                    **
**                                                                    **
**                                                                    **
**                Windows 10 - Build: 19045 C17-GREY-17               **
**        Eight CPU: Intel(R) Xeon(R) CPU E3-1245 v6 @ 3.70GHz        **
**                         CPU speed 3700 MHz                         **
**                     8178 MB RAM, 18747 MB swap                     **
**                    Machine Epsilon : 2.2204E-16                    **
**                                                                    **
************************************************************************
**  COPYRIGHT (C) 2002-2022                 Altair Engineering, Inc.  **
** All Rights Reserved.  Copyright notice does not imply publication. **
** Contains trade secrets of Altair Engineering, Inc.                 **
** Decompilation or disassembly of this software strictly prohibited. **
************************************************************************
 
 Directory   : C:\Program Files\Altair\2022\hwsolvers\motionsolve\bin\win64
 nuadr       : HWVERSION_2022_Mar 16 2022_00:09:02 (H3D 14.000000)
 nuwriter    : HWVERSION_2022_Mar 16 2022_00:11:32 (H3D 14.000000)
 nusolver    : HWVERSION_2022_Mar 16 2022_00:13:10
 msautoutils : HWVERSION_2022_Mar 16 2022_00:09:46
 mbdtire     : HWVERSION_2022_Mar 16 2022_00:09:27
 cdtire      : HWVERSION_2022_Mar 16 2022_00:10:32
 nuanima     : HWVERSION_2022_Mar 16 2022_00:08:44 (H3D 14.000000)

---  1-FEB-2023 18:33:03 ---

INFO: Parsing XML file [Project 1 model.xml]...

 
Checking out license...
License OK.
Time spent in checking out license: 1.236 sec.
 
 
INFO: Model units are MILLIMETER SECOND NEWTON KILOGRAM.
 Reading 1239 markers...
 Reading  97 rigid bodies...
 Reading   5 x-arrays...
 Reading   5 y-arrays...
 Reading   5 u-arrays...
 Reading 134 variables...
 Reading   1 xy-curves (splines)...
 Reading  63 strings...
 Reading   5 general (user) state eqns (GSE)...
 Reading   2 implicit diffs...
 Reading  10 spherical joints...
 Reading  10 fixed joints...
 Reading  16 revolute joints...
 Reading   8 translational joints...
 Reading  10 universal joints...
 Reading   8 constant velocity joints...
 Reading  10 inline jprims...
 Reading   1 perpendicular jprims...
 Reading   1 parallel axes jprims...
 Reading   2 joint motion constraints...
 Reading   5 two-joint couplers...
 Reading gravity vector...
 Reading  18 beams...
 Reading   8 linear translational spring-dampers...
 Reading  44 linear bushings...
 Reading  12 action forces...
 Reading   1 event sensors...
 Reading  24 marker displacement requests...
 Reading  16 marker velocity requests...
 Reading  23 user-expressions requests...
 Reading  36 usersub (REQSUB) requests...
 Reading 637 graphics...
INFO: Starting SMP run with up to 8 threads.
INFO: Usersub library [C:\Program Files\Altair\2022\hwsolvers\motionsolve\bin\win64\msautoutils.dll] loaded
--------------------------------------------------------------------------
<< ALTAIR DRIVER :: Skipping MotionSolve license check for Altair Driver...
--------------------------------------------------------------------------
--------------------------------------------------------------------------
<< ALTAIR DRIVER :: Instantiating...
<< ALTAIR DRIVER :: Altair Driver File (ADF) read successfully.
--------------------------------------------------------------------------
<< ALTAIR DRIVER :: Reading controllers for Maneuver 1, 'MANEUVER_1'...
<< ALTAIR DRIVER :: Param_Transient/0/h_max will be updated to:0.01 at the start of the maneuver.
<< ALTAIR DRIVER :: Maneuver 1 read.
--------------------------------------------------------------------------
<< ALTAIR DRIVER :: Reading controllers for Maneuver 2, 'MANEUVER_2'...
<< ALTAIR DRIVER :: Param_Transient/0/h_max will be updated to:0.01 at the start of the maneuver.
<< ALTAIR DRIVER :: Maneuver 2 read.
<< ALTAIR DRIVER :: Maneuver data read successfully.
--------------------------------------------------------------------------
 
 Resizing X array due to user action in GSE initialization...
 Dimension of X array for GSE/341001 was changed from 2 to 1.
 
INFO: Usersub library [C:\Program Files\Altair\2022\hwsolvers\motionsolve\bin\win64\mbdtire.dll] loaded
 FUNCTION_NAME = tnodelft::DTYRE; Dll = tnodelft; Func = DTYRE
 Property file format = SWIFT-TYRE
 
USRMES:USER [321001]
INFO: Environment variable MS_DELFTTYRE_6 is not set
 
USRMES:USER [1]
INFO: INFO - MF-Tyre/MF-Swift 2020.2  (9d9c3ba48eaf)
 
USRMES:USER [32001]
INFO: left mounted tire detected
 
 Resizing X array due to user action in GSE initialization...
 Resizing Y array due to user action in GSE initialization...
 Dimension of X array for GSE/321001 was changed from 5 to 4.
 Dimension of Y array for GSE/321001 was changed from 0 to 6.
 
 
USRMES:USER [32001]
INFO: Altair 2D Flat Road. 
The z offset for the flat road is set to 0

 
USRMES:USER [1]
WARNING: WARNING - Vertical load is above tire file maximum parameter FZMAX. It is capped at (10000).
 FUNCTION_NAME = tnodelft::DTYRE; Dll = tnodelft; Func = DTYRE
 Property file format = SWIFT-TYRE
 
USRMES:USER [324001]
INFO: Environment variable MS_DELFTTYRE_6 is not set
 
USRMES:USER [1]
INFO: INFO - MF-Tyre/MF-Swift 2020.2  (9d9c3ba48eaf)
 
USRMES:USER [32301]
INFO: right mounted tire detected
 
 Resizing X array due to user action in GSE initialization...
 Resizing Y array due to user action in GSE initialization...
 Dimension of X array for GSE/324001 was changed from 5 to 4.
 Dimension of Y array for GSE/324001 was changed from 0 to 6.
 
 
USRMES:USER [32301]
INFO: Altair 2D Flat Road. 
The z offset for the flat road is set to 0

 FUNCTION_NAME = tnodelft::DTYRE; Dll = tnodelft; Func = DTYRE
 Property file format = SWIFT-TYRE
 
USRMES:USER [328001]
INFO: Environment variable MS_DELFTTYRE_6 is not set
 
USRMES:USER [1]
INFO: INFO - MF-Tyre/MF-Swift 2020.2  (9d9c3ba48eaf)
 
USRMES:USER [32701]
INFO: left mounted tire detected
 
 Resizing X array due to user action in GSE initialization...
 Resizing Y array due to user action in GSE initialization...
 Dimension of X array for GSE/328001 was changed from 5 to 4.
 Dimension of Y array for GSE/328001 was changed from 0 to 6.
 
 
USRMES:USER [32701]
INFO: Altair 2D Flat Road. 
The z offset for the flat road is set to 0

 FUNCTION_NAME = tnodelft::DTYRE; Dll = tnodelft; Func = DTYRE
 Property file format = SWIFT-TYRE
 
USRMES:USER [331001]
INFO: Environment variable MS_DELFTTYRE_6 is not set
 
USRMES:USER [1]
INFO: INFO - MF-Tyre/MF-Swift 2020.2  (9d9c3ba48eaf)
 
USRMES:USER [33001]
INFO: right mounted tire detected
 
 Resizing X array due to user action in GSE initialization...
 Resizing Y array due to user action in GSE initialization...
 Dimension of X array for GSE/331001 was changed from 5 to 4.
 Dimension of Y array for GSE/331001 was changed from 0 to 6.
 
 
USRMES:USER [33001]
INFO: Altair 2D Flat Road. 
The z offset for the flat road is set to 0

 
USRMES:USER [31700500]
INFO:  Using POWERTRAIN_VARSUB interface as Virtual Powertrain
 
USRMES:USER [1]
WARNING: WARNING - Vertical load is below tire file parameter FZMIN. It is capped at (100).
<< ALTAIR DRIVER :: Updating engine initial speed to 300 radians per second...
 Deactivate SENSOR/341001
Execute analysis [Static]...
INFO: Starting SMP run with up to 8 threads.
 
INFO: Analysis model processed.
 
 
INFO: Total Number of Independent Coordinates  = 283

 
INFO: Number of Total Entries in Residual Vector: 7249
INFO: Number of Non-zero Entries in Jacobian Mtx: 70113 (0.133427% Filled)
 
 Starting static analysis...
 
 STATIC SIMULATION PARAMETERS
 -----------------------------------------------
 Convergence Tolerance        : 0.0001
 Maximum Iterations           : 75
 Maximum Force Imbalance      : 0.0001
 Stability                    : 1e-10
 
 
    Time        Initial           Final         No. of     Cumulative
                 error            error       iterations   iterations
 --------------------------------------------------------------------
   0.00000     2.52059E+02     5.02041E-10        6            6
 
 <Rigid Body CG location at Time=0.000E+00>
 
   ID           X             Y             Z           Psi           Theta         Phi      
 --------------------------------------------------------------------------------------------
 10501     1.005034E+03 -7.474513E+02  9.758255E+02 -1.797477E+02  9.080316E+01  8.872847E+01
 10502     1.005034E+03 -7.474513E+02  9.758255E+02 -1.797477E+02  9.080316E+01  8.872847E+01
 10503     1.004594E+03 -6.474621E+02  9.744238E+02  1.472810E+02  9.573165E-01 -1.470324E+02
 10504     1.021795E+03 -4.917843E+02  8.845098E+02  1.619444E+02  5.334143E+00 -1.625426E+02
 10505     1.011168E+03 -4.944356E+02  8.790262E+02 -1.501652E+02  4.032265E+00  1.499465E+02
 10506     1.026979E+03 -6.089725E+02  1.144704E+03 -1.725373E+02  1.118052E+01  1.741973E+02
 10601     1.032778E+03 -4.748776E+02  1.066765E+03 -6.726164E+01  9.600735E-01  6.720228E+01
 10602     1.027208E+03 -4.829291E+02  9.804413E+02 -7.217871E+01  1.010133E+00  7.135179E+01
 10901     1.125648E+03 -5.435895E+02  9.191103E+02  8.417099E+01  8.032235E-01 -8.450134E+01
 11001     1.148060E+03 -4.907952E+02  9.495330E+02 -1.638394E+02  4.308138E+00  1.636858E+02
 11301     3.706756E+03 -7.489307E+02  9.836479E+02  1.790077E+02  9.015271E+01  8.998569E+01
 11302     3.706756E+03 -7.489307E+02  9.836479E+02  1.790077E+02  9.015271E+01  8.998569E+01
 11303     3.707979E+03 -6.789421E+02  9.832616E+02 -9.384938E+01  3.060687E+00  9.286120E+01
 11304     3.858476E+03 -3.967028E+02  8.904654E+02  1.114614E+01  3.374095E+00 -1.010467E+01
 11305     3.709125E+03 -4.500666E+02  8.955872E+02 -2.456670E+01  2.575764E+00  2.483233E+01
 11306     3.700704E+03 -4.987315E+02  1.156075E+03 -1.613418E+01  4.464886E+00  1.569895E+01
 11307     3.561672E+03 -5.661726E+02  9.984194E+02 -1.301482E+01  8.167186E+00  1.373274E+01
 11401     3.713908E+03 -4.643226E+02  1.112133E+03 -8.343492E+01  2.025617E+00  8.358011E+01
 11402     3.717954E+03 -4.865709E+02  9.985769E+02 -8.254818E+01  1.755614E+00  8.405176E+01
 13601     1.005941E+03 -2.665444E+02  9.442788E+02 -1.799977E+02  8.991409E+01 -1.283163E+00
 13602     1.005400E+03 -4.870000E+02  9.597718E+02  1.798593E+02  9.401997E+01 -1.288074E+00
 13605     1.005940E+03 -2.411801E+02  9.443168E+02 -1.799977E+02  8.991409E+01 -1.283163E+00
 13801     3.705257E+03 -2.675001E+02  1.005742E+03 -1.799983E+02  8.992637E+01 -3.740915E-02
 13802     3.706353E+03 -4.882185E+02  9.946417E+02 -1.797154E+02  8.712094E+01 -4.469973E-02
 13805     3.705253E+03 -1.586785E+02  1.005882E+03 -1.799983E+02  8.992637E+01 -3.740915E-02
 20501     1.005062E+03  7.482359E+02  9.760985E+02 -2.554663E-01  9.089116E+01  9.127156E+01
 20502     1.005062E+03  7.482359E+02  9.760985E+02 -2.554663E-01  9.089116E+01  9.127156E+01
 20503     1.004616E+03  6.482489E+02  9.745432E+02  2.580462E+01  9.919900E-01 -2.605670E+01
 20504     1.021835E+03  4.926685E+02  8.850665E+02  1.631479E+01  5.172670E+00 -1.575180E+01
 20505     1.011205E+03  4.953070E+02  8.795410E+02 -2.969060E+01  3.976831E+00  2.990344E+01
 20506     1.026743E+03  6.094973E+02  1.144798E+03 -7.674495E+00  1.075087E+01  6.102691E+00
 20601     1.032762E+03  4.752413E+02  1.067988E+03 -1.024412E+02  9.201429E-01  1.024998E+02
 20602     1.027166E+03  4.836213E+02  9.809818E+02 -9.824161E+01  9.798097E-01  9.901649E+01
 20901     1.125661E+03  5.443300E+02  9.199310E+02  8.494349E+01  6.891619E-01 -8.463649E+01
 21001     1.148064E+03  4.915401E+02  9.501021E+02 -1.643510E+01  4.237166E+00  1.658286E+01
 21301     3.706478E+03  7.494651E+02  9.839146E+02  1.049445E+00  9.029851E+01  9.001431E+01
 21302     3.706478E+03  7.494651E+02  9.839146E+02  1.049445E+00  9.029851E+01  9.001431E+01
 21303     3.707771E+03  6.794790E+02  9.833502E+02 -8.338250E+01  3.073636E+00  8.442397E+01
 21304     3.858417E+03  3.976445E+02  8.909899E+02  1.685761E+02  3.471961E+00 -1.695875E+02
 21305     3.709058E+03  4.509253E+02  8.961239E+02 -1.552819E+02  2.566861E+00  1.550251E+02
 21306     3.700611E+03  4.988716E+02  1.156622E+03 -1.645375E+02  4.643625E+00  1.650080E+02
 21307     3.561562E+03  5.666792E+02  9.990099E+02 -1.676570E+02  8.503850E+00  1.669882E+02
 21401     3.713855E+03  4.646656E+02  1.113321E+03 -9.300706E+01  1.995996E+00  9.286628E+01
 21402     3.717890E+03  4.873285E+02  9.989904E+02 -9.334747E+01  1.728350E+00  9.186711E+01
 23601     1.005920E+03  2.672888E+02  9.450792E+02  2.277581E-03  9.008591E+01  1.283363E+00
 23602     1.005402E+03  4.877649E+02  9.602778E+02  1.346703E-01  9.394344E+01  1.288020E+00
 23605     1.005921E+03  2.418193E+02  9.450410E+02  2.277581E-03  9.008591E+01  1.283363E+00
 23801     3.705241E+03  2.680612E+02  1.006430E+03  1.662634E-03  9.007363E+01  3.803439E-02
 23802     3.706226E+03  4.887668E+02  9.950682E+02 -2.556325E-01  8.705301E+01  4.448758E-02
 23805     3.705244E+03  1.593212E+02  1.006291E+03  1.662634E-03  9.007363E+01  3.803439E-02
 30301     2.150000E+03  0.000000E+00  1.221030E+03 -8.674127E+01  1.295692E+00  8.674210E+01
 30401     2.150000E+03  0.000000E+00  1.221030E+03 -8.674127E+01  1.295692E+00  8.674210E+01
 30902     1.126043E+03 -5.437388E+02  9.490988E+02  9.105573E+01  2.723868E+00 -9.104562E+01
 30903     1.126037E+03 -5.147389E+02  9.490735E+02  9.027599E+01  1.071570E+01 -9.026867E+01
 30904     1.182591E+03 -5.147355E+02  9.383708E+02  4.007978E+01  1.638007E+01 -2.080270E+01
 30905     1.245459E+03 -4.797142E+02  9.343539E+02  3.421376E+01  3.213913E+01  1.715127E-01
 30906     1.290760E+03 -4.376814E+02  9.401931E+02  1.191781E+01  1.042960E+01 -5.364505E+01
 30907     1.306041E+03 -3.996662E+02  9.464629E+02 -9.000641E+01  2.232985E+01  7.752741E+01
 30908     1.306007E+03 -3.596663E+02  9.464506E+02  9.030931E+01  2.673288E+00 -9.026256E+01
 30909     1.305904E+03 -1.996666E+02  9.464756E+02  8.937752E+01  2.650508E+00 -8.935010E+01
 30910     1.305869E+03 -9.966675E+01  9.465505E+02  8.880792E+01  2.636611E+00 -8.879251E+01
 30911     1.305855E+03  3.330202E-01  9.466684E+02  8.827449E+01  2.622913E+00 -8.827106E+01
 30912     1.305863E+03  1.003327E+02  9.468250E+02  8.779793E+01  2.609330E+00 -8.780644E+01
 30913     1.305893E+03  2.003324E+02  9.470147E+02  8.739924E+01  2.595755E+00 -8.741969E+01
 30914     1.305984E+03  3.603317E+02  9.473677E+02  8.698096E+01  2.573736E+00 -8.702050E+01
 30915     1.306015E+03  4.003315E+02  9.474621E+02 -8.971350E+01  2.244489E+01  1.021743E+02
 30916     1.290744E+03  4.383578E+02  9.412342E+02  1.686368E+02  1.029781E+01 -1.269148E+02
 30917     1.245454E+03  4.803988E+02  9.353688E+02  1.458767E+02  3.197659E+01  1.797248E+02
 30918     1.182576E+03  5.154110E+02  9.392927E+02  1.400807E+02  1.621000E+01 -1.593633E+02
 30919     1.125994E+03  5.153950E+02  9.498509E+02  8.919350E+01  1.056961E+01 -8.919054E+01
 30920     1.125999E+03  5.443949E+02  9.499260E+02  8.670312E+01  2.580703E+00 -8.670988E+01
 31002     1.171414E+03  3.556836E-01  9.257838E+02 -8.644780E+01  1.196467E+00  8.644864E+01
 31003     1.171414E+03  3.508184E-01  9.257838E+02 -8.644780E+01  1.196467E+00  8.644864E+01
 31004     1.212634E+03 -1.584006E+02  9.276879E+02 -8.520190E+01  1.210332E+00  8.521711E+01
 31201     2.194355E+03 -4.103210E+02  1.471568E+03 -9.002361E+01  1.089437E+02 -7.784478E-02
 31202     2.057878E+03 -4.102648E+02  1.424725E+03 -9.002361E+01  1.089437E+02 -7.784478E-02
 31203     1.784923E+03 -4.101523E+02  1.331039E+03  8.997639E+01  7.105629E+01  7.784478E-02
 31204     1.591278E+03 -3.750413E+02  1.233231E+03  5.848398E+01  5.276521E+01  9.188980E-01
 31205     1.476854E+03 -3.048785E+02  1.131222E+03  5.848398E+01  5.276521E+01  9.188980E-01
 31206     1.362517E+03 -2.347687E+02  1.029292E+03 -1.215160E+02  1.272340E+02 -9.188445E-01
 31701     1.304175E+03  5.208931E+00  1.026386E+03 -8.616823E+01  1.286135E+00  8.616955E+01
 31702     1.783719E+03  7.689386E+00  1.052136E+03  8.887231E+01  9.022582E+01 -4.542636E+00
 32001     1.005034E+03 -7.474513E+02  9.758255E+02  2.523241E-01  8.919684E+01  9.127153E+01
 32301     1.005062E+03  7.482359E+02  9.760985E+02 -2.554663E-01  9.089116E+01  9.127156E+01
 32701     3.706756E+03 -7.489307E+02  9.836479E+02 -9.922528E-01  8.984729E+01  9.001431E+01
 33001     3.706478E+03  7.494651E+02  9.839146E+02  1.049445E+00  9.029851E+01  9.001431E+01
 33603     1.005936E+03 -1.426803E+02  9.444645E+02 -1.799977E+02  8.991409E+01 -1.283263E+00
 33604     1.146326E+03 -1.496978E+02  9.599019E+02  8.999286E+01  8.374369E+01  8.642675E-02
 33701     1.662701E+03 -1.497278E+02  9.935747E+02  8.999732E+01  8.669675E+01  8.605500E-02
 33702     2.167028E+03 -1.509785E+02  1.018830E+03  8.887231E+01  9.022582E+01  1.112167E-01
 33803     3.705249E+03  7.321341E+00  1.006095E+03 -1.799983E+02  8.992637E+01 -3.772177E-02
 33804     3.564307E+03  3.055367E-01  1.015207E+03 -8.999360E+01  8.632055E+01  4.572962E+00
 33901     2.926628E+03 -1.715792E+00  1.034934E+03 -8.979509E+01  8.848206E+01  4.574296E+00
 33902     2.301289E+03 -2.498728E+00  1.050095E+03 -9.112769E+01  8.977418E+01  4.542636E+00
 34001     2.204521E+03 -1.517165E+02  1.018682E+03 -9.112769E+01  8.977418E+01 -1.112167E-01
 34201     2.150000E+03  0.000000E+00  1.221030E+03  0.000000E+00  0.000000E+00  0.000000E+00
 
 AGGREGATE MASS/C.G. PROPERTIES
 -----------------------------------------------------
 Total Mass       : 1.552E+03 KILOGRAM
 CG Before Static : (2.068E+03, -5.061E+00, 1.175E+03) 
 CG After Static  : (2.070E+03, -4.965E+00, 1.145E+03) 
 
 
 CUMULATIVE COMPUTE TIME INFORMATION
 ----------------------------------------
 Preprocessing Model      : 1.930E-01 sec
 Core Analysis            : 3.720E-01 sec
 Postprocessing/Messaging : 5.900E-02 sec
 Total Elapsed Time       : 6.240E-01 sec

 
INPUT:
 [Project 1 model.xml]
 
OUTPUT:
 [Project 1 model.mrf]
 [Project 1 model.log]
 
STATICS SIMULATION COMPLETED
 


--------------------------------------------------------------------------
<< ALTAIR DRIVER :: Setting up the initial velocity.


<< ALTAIR DRIVER :: Setting up the angular velocity of the wheels.
--------------------------------------------------------------------------
<< ALTAIR DRIVER :: TireInfo -> GFO_ID:32001, Radius: 0.303805, Position: (1.00503,-0.747451,0.975826)
<< ALTAIR DRIVER :: TireInfo -> GFO_ID:32301, Radius: 0.303831, Position: (1.00506,0.748236,0.976098)
<< ALTAIR DRIVER :: TireInfo -> GFO_ID:32701, Radius: 0.304647, Position: (3.70676,-0.748931,0.983648)
<< ALTAIR DRIVER :: TireInfo -> GFO_ID:33001, Radius: 0.304677, Position: (3.70648,0.749465,0.983915)
--------------------------------------------------------------------------
<< ALTAIR DRIVER :: Calculating Steer Ratio of the vehicle...
 

Execute MODSET Utility...
 ORIGINAL: 
<Motion_Joint id="341001" expr="0"/>
 MODIFIED: 
<Motion_Joint id="341001" expr="0.1"/>

Execute analysis [Static]...
INFO: Starting SMP run with up to 8 threads.
 
INFO: Analysis model processed.
 
 
INFO: Total Number of Independent Coordinates  = 283

 
INFO: Number of Total Entries in Residual Vector: 7255
INFO: Number of Non-zero Entries in Jacobian Mtx: 70932 (0.134762% Filled)
 
 Starting static analysis...
 
 STATIC SIMULATION PARAMETERS
 -----------------------------------------------
 Convergence Tolerance        : 0.0001
 Maximum Iterations           : 75
 Maximum Force Imbalance      : 0.0001
 Stability                    : 1e-10
 
 
    Time        Initial           Final         No. of     Cumulative
                 error            error       iterations   iterations
 --------------------------------------------------------------------
   0.00000     6.58817E+01     8.64020E-12        4            4
 
 <Rigid Body CG location at Time=0.000E+00>
 
   ID           X             Y             Z           Psi           Theta         Phi      
 --------------------------------------------------------------------------------------------
 10501     1.004444E+03 -7.474204E+02  9.758329E+02  1.799348E+02  9.083672E+01  8.872846E+01
 10502     1.004444E+03 -7.474204E+02  9.758329E+02  1.799348E+02  9.083672E+01  8.872846E+01
 10503     1.004558E+03 -6.474311E+02  9.743726E+02  1.509119E+02  9.568615E-01 -1.509805E+02
 10504     1.021770E+03 -4.917537E+02  8.844687E+02  1.618610E+02  5.332441E+00 -1.624706E+02
 10505     1.011153E+03 -4.944077E+02  8.789866E+02 -1.501456E+02  4.029855E+00  1.499256E+02
 10506     1.026986E+03 -6.089659E+02  1.144653E+03 -1.725352E+02  1.117780E+01  1.741960E+02
 10601     1.032771E+03 -4.748649E+02  1.066720E+03 -6.681686E+01  9.570919E-01  6.675702E+01
 10602     1.027193E+03 -4.829075E+02  9.804005E+02 -7.184078E+01  1.007286E+00  7.100221E+01
 10901     1.125630E+03 -5.435734E+02  9.190551E+02  8.519079E+01  8.287693E-01 -8.552725E+01
 11001     1.147974E+03 -4.914469E+02  9.495588E+02 -1.638944E+02  4.326562E+00  1.637139E+02
 11301     3.706766E+03 -7.489108E+02  9.836380E+02  1.790098E+02  9.014732E+01  8.998569E+01
 11302     3.706766E+03 -7.489108E+02  9.836380E+02  1.790098E+02  9.014732E+01  8.998569E+01
 11303     3.707987E+03 -6.789222E+02  9.832583E+02 -9.374677E+01  3.060324E+00  9.276053E+01
 11304     3.858478E+03 -3.966679E+02  8.904457E+02  1.113568E+01  3.370429E+00 -1.009310E+01
 11305     3.709127E+03 -4.500347E+02  8.955671E+02 -2.456111E+01  2.576069E+00  2.482706E+01
 11306     3.700707E+03 -4.987263E+02  1.156055E+03 -1.616022E+01  4.458221E+00  1.572631E+01
 11307     3.561676E+03 -5.661537E+02  9.983974E+02 -1.304091E+01  8.154653E+00  1.376064E+01
 11401     3.713910E+03 -4.643098E+02  1.112088E+03 -8.330483E+01  2.026848E+00  8.345018E+01
 11402     3.717956E+03 -4.865428E+02  9.985614E+02 -8.239829E+01  1.756782E+00  8.390272E+01
 13601     1.005942E+03 -2.665152E+02  9.442534E+02 -1.799976E+02  8.990861E+01 -1.270219E+00
 13602     1.005215E+03 -4.869699E+02  9.597511E+02  1.798113E+02  9.402118E+01 -1.276776E+00
 13605     1.005941E+03 -2.411563E+02  9.442939E+02 -1.799976E+02  8.990861E+01 -1.270219E+00
 13801     3.705257E+03 -2.674793E+02  1.005716E+03 -1.799982E+02  8.992091E+01 -3.738500E-02
 13802     3.706357E+03 -4.881981E+02  9.946257E+02 -1.797144E+02  8.712350E+01 -4.470702E-02
 13805     3.705254E+03 -1.586547E+02  1.005866E+03 -1.799982E+02  8.992091E+01 -3.738500E-02
 20501     1.005652E+03  7.482637E+02  9.760912E+02 -5.732197E-01  9.085776E+01  9.127161E+01
 20502     1.005652E+03  7.482637E+02  9.760912E+02 -5.732197E-01  9.085776E+01  9.127161E+01
 20503     1.004652E+03  6.482799E+02  9.745942E+02  2.932114E+01  9.893742E-01 -2.989066E+01
 20504     1.021859E+03  4.926991E+02  8.851077E+02  1.623055E+01  5.174509E+00 -1.567872E+01
 20505     1.011220E+03  4.953348E+02  8.795808E+02 -2.967057E+01  3.979188E+00  2.988206E+01
 20506     1.026736E+03  6.095039E+02  1.144849E+03 -7.672290E+00  1.075335E+01  6.101358E+00
 20601     1.032768E+03  4.752539E+02  1.068033E+03 -1.020230E+02  9.243591E-01  1.020811E+02
 20602     1.027181E+03  4.836429E+02  9.810227E+02 -9.792821E+01  9.835505E-01  9.869159E+01
 20901     1.125679E+03  5.443462E+02  9.199861E+02  8.575988E+01  6.618590E-01 -8.545897E+01
 21001     1.148148E+03  4.908878E+02  9.500745E+02 -1.647887E+01  4.218568E+00  1.660039E+01
 21301     3.706467E+03  7.494848E+02  9.839244E+02  1.051605E+00  9.030394E+01  9.001431E+01
 21302     3.706467E+03  7.494848E+02  9.839244E+02  1.051605E+00  9.030394E+01  9.001431E+01
 21303     3.707763E+03  6.794988E+02  9.833534E+02 -8.327997E+01  3.074233E+00  8.432346E+01
 21304     3.858415E+03  3.976794E+02  8.910090E+02  1.685660E+02  3.475550E+00 -1.695762E+02
 21305     3.709056E+03  4.509571E+02  8.961436E+02 -1.552763E+02  2.566505E+00  1.550198E+02
 21306     3.700608E+03  4.988767E+02  1.156642E+03 -1.645613E+02  4.650210E+00  1.650332E+02
 21307     3.561558E+03  5.666978E+02  9.990316E+02 -1.676808E+02  8.516274E+00  1.670138E+02
 21401     3.713853E+03  4.646782E+02  1.113364E+03 -9.287351E+01  1.995034E+00  9.273290E+01
 21402     3.717887E+03  4.873565E+02  9.990056E+02 -9.319331E+01  1.727499E+00  9.171381E+01
 23601     1.005919E+03  2.673165E+02  9.451049E+02  2.402113E-03  9.009139E+01  1.296286E+00
 23602     1.005586E+03  4.877933E+02  9.602987E+02  8.669425E-02  9.394220E+01  1.299255E+00
 23605     1.005920E+03  2.418431E+02  9.450643E+02  2.402113E-03  9.009139E+01  1.296286E+00
 23801     3.705240E+03  2.680820E+02  1.006455E+03  1.785876E-03  9.007909E+01  3.805653E-02
 23802     3.706221E+03  4.887870E+02  9.950838E+02 -2.545536E-01  8.705053E+01  4.447910E-02
 23805     3.705244E+03  1.593450E+02  1.006305E+03  1.785876E-03  9.007909E+01  3.805653E-02
 30301     2.150000E+03  0.000000E+00  1.221030E+03 -8.650024E+01  1.296003E+00  8.650113E+01
 30401     2.150000E+03  0.000000E+00  1.221030E+03 -8.650024E+01  1.296003E+00  8.650113E+01
 30902     1.126040E+03 -5.437140E+02  9.490435E+02  9.096624E+01  2.722067E+00 -9.095713E+01
 30903     1.126034E+03 -5.147140E+02  9.490204E+02  9.025195E+01  1.071391E+01 -9.024523E+01
 30904     1.182589E+03 -5.147107E+02  9.383195E+02  4.006411E+01  1.638248E+01 -2.078730E+01
 30905     1.245457E+03 -4.796901E+02  9.343073E+02  3.420629E+01  3.214231E+01  1.791938E-01
 30906     1.290759E+03 -4.376586E+02  9.401514E+02  1.190371E+01  1.043432E+01 -5.363176E+01
 30907     1.306041E+03 -3.996442E+02  9.464250E+02 -8.999468E+01  2.233109E+01  7.751366E+01
 30908     1.306007E+03 -3.596443E+02  9.464163E+02  9.019519E+01  2.672148E+00 -9.014912E+01
 30909     1.305905E+03 -1.996446E+02  9.464564E+02  8.925929E+01  2.649928E+00 -8.923170E+01
 30910     1.305869E+03 -9.964480E+01  9.465409E+02  8.868809E+01  2.636380E+00 -8.867223E+01
 30911     1.305855E+03  3.549586E-01  9.466684E+02  8.815383E+01  2.623027E+00 -8.814983E+01
 30912     1.305862E+03  1.003547E+02  9.468347E+02  8.767717E+01  2.609784E+00 -8.768522E+01
 30913     1.305891E+03  2.003543E+02  9.470340E+02  8.727912E+01  2.596538E+00 -8.729938E+01
 30914     1.305984E+03  3.603536E+02  9.474022E+02  8.686329E+01  2.575020E+00 -8.690348E+01
 30915     1.306015E+03  4.003534E+02  9.475003E+02 -8.970173E+01  2.244379E+01  1.021605E+02
 30916     1.290745E+03  4.383805E+02  9.412761E+02  1.686234E+02  1.029302E+01 -1.269022E+02
 30917     1.245456E+03  4.804228E+02  9.354155E+02  1.458694E+02  3.197331E+01  1.797323E+02
 30918     1.182578E+03  5.154357E+02  9.393441E+02  1.400652E+02  1.620747E+01 -1.593480E+02
 30919     1.125996E+03  5.154197E+02  9.499039E+02  8.916901E+01  1.057132E+01 -8.916664E+01
 30920     1.126002E+03  5.444195E+02  9.499812E+02  8.660935E+01  2.582559E+00 -8.661709E+01
 31002     1.171414E+03 -3.148674E-01  9.257826E+02 -8.618481E+01  1.196277E+00  8.618574E+01
 31003     1.171414E+03  3.769654E-01  9.257835E+02 -8.618481E+01  1.196277E+00  8.618574E+01
 31004     1.212634E+03 -1.583745E+02  9.276721E+02  1.713286E+02  3.786941E+00 -1.733714E+02
 31201     2.194356E+03 -4.103448E+02  1.471529E+03 -9.002536E+01  1.089437E+02  5.645962E+00
 31202     2.057879E+03 -4.102844E+02  1.424686E+03 -9.002536E+01  1.089437E+02  5.645962E+00
 31203     1.784924E+03 -4.101636E+02  1.331000E+03  8.997464E+01  7.105631E+01 -5.645962E+00
 31204     1.591279E+03 -3.750436E+02  1.233195E+03  5.848051E+01  5.276790E+01 -3.884432E+00
 31205     1.476855E+03 -3.048712E+02  1.131192E+03  5.848051E+01  5.276790E+01 -3.884432E+00
 31206     1.362518E+03 -2.347519E+02  1.029269E+03 -1.215195E+02  1.272314E+02  3.884450E+00
 31701     1.304175E+03  5.225609E+00  1.026387E+03 -8.592458E+01  1.286503E+00  8.592596E+01
 31702     1.783719E+03  7.704643E+00  1.052137E+03  8.887245E+01  9.022594E+01 -4.537144E+00
 32001     1.004444E+03 -7.474204E+02  9.758329E+02 -6.522135E-02  8.916328E+01  9.127154E+01
 32301     1.005652E+03  7.482637E+02  9.760912E+02 -5.732197E-01  9.085776E+01  9.127161E+01
 32701     3.706766E+03 -7.489108E+02  9.836380E+02 -9.901730E-01  8.985268E+01  9.001431E+01
 33001     3.706467E+03  7.494848E+02  9.839244E+02  1.051605E+00  9.030394E+01  9.001431E+01
 33603     1.005936E+03 -1.426564E+02  9.444510E+02 -1.799976E+02  8.990861E+01 -1.283253E+00
 33604     1.146326E+03 -1.496751E+02  9.598877E+02  8.999238E+01  8.374370E+01  9.194020E-02
 33701     1.662701E+03 -1.497072E+02  9.935604E+02  8.999713E+01  8.669676E+01  9.154474E-02
 33702     2.167028E+03 -1.509592E+02  1.018815E+03  8.887245E+01  9.022594E+01  1.166961E-01
 33803     3.705249E+03  7.345163E+00  1.006096E+03 -1.799982E+02  8.992091E+01 -3.772076E-02
 33804     3.564307E+03  3.281871E-01  1.015206E+03 -8.999313E+01  8.632054E+01  4.567458E+00
 33901     2.926628E+03 -1.696408E+00  1.034933E+03 -8.979482E+01  8.848207E+01  4.568801E+00
 33902     2.301289E+03 -2.482150E+00  1.050095E+03 -9.112755E+01  8.977406E+01  4.537144E+00
 34001     2.204521E+03 -1.516972E+02  1.018667E+03 -9.112755E+01  8.977406E+01 -1.166961E-01
 34201     2.150000E+03  0.000000E+00  1.221030E+03  0.000000E+00  0.000000E+00  0.000000E+00
 
 AGGREGATE MASS/C.G. PROPERTIES
 -----------------------------------------------------
 Total Mass       : 1.552E+03 KILOGRAM
 CG Before Static : (2.070E+03, -4.965E+00, 1.145E+03) 
 CG After Static  : (2.070E+03, -4.959E+00, 1.145E+03) 
 
 
 CUMULATIVE COMPUTE TIME INFORMATION
 ----------------------------------------
 Preprocessing Model      : 3.900E-01 sec
 Core Analysis            : 7.350E-01 sec
 Postprocessing/Messaging : 1.160E-01 sec
 Total Elapsed Time       : 1.241E+00 sec

 
INPUT:
 [Project 1 model.xml]
 
OUTPUT:
 [Project 1 model.mrf]
 [Project 1 model.log]
 
STATICS SIMULATION COMPLETED
 
--------------------------------------------------------------------------
<< ALTAIR DRIVER :: Updating Steer Ratio to 18.0374...
--------------------------------------------------------------------------

Execute MODSET Utility...
 ORIGINAL: 
<Motion_Joint id="341001" expr="0.1"/>
 MODIFIED: 
<Motion_Joint id="341001" expr="0"/>

Execute analysis [Static]...
INFO: Starting SMP run with up to 8 threads.
 
INFO: Analysis model processed.
 
 
INFO: Total Number of Independent Coordinates  = 283

 
INFO: Number of Total Entries in Residual Vector: 7261
INFO: Number of Non-zero Entries in Jacobian Mtx: 70959 (0.134591% Filled)
 
 Starting static analysis...
 
 STATIC SIMULATION PARAMETERS
 -----------------------------------------------
 Convergence Tolerance        : 0.0001
 Maximum Iterations           : 75
 Maximum Force Imbalance      : 0.0001
 Stability                    : 1e-10
 
 
    Time        Initial           Final         No. of     Cumulative
                 error            error       iterations   iterations
 --------------------------------------------------------------------
   0.00000     6.33406E+01     1.09139E-11        4            4
 
 <Rigid Body CG location at Time=0.000E+00>
 
   ID           X             Y             Z           Psi           Theta         Phi      
 --------------------------------------------------------------------------------------------
 10501     1.005034E+03 -7.474513E+02  9.758255E+02 -1.797477E+02  9.080316E+01  8.872847E+01
 10502     1.005034E+03 -7.474513E+02  9.758255E+02 -1.797477E+02  9.080316E+01  8.872847E+01
 10503     1.004594E+03 -6.474621E+02  9.744238E+02  1.472810E+02  9.573165E-01 -1.470324E+02
 10504     1.021795E+03 -4.917843E+02  8.845098E+02  1.619444E+02  5.334143E+00 -1.625426E+02
 10505     1.011168E+03 -4.944356E+02  8.790262E+02 -1.501652E+02  4.032265E+00  1.499465E+02
 10506     1.026979E+03 -6.089725E+02  1.144704E+03 -1.725373E+02  1.118052E+01  1.741973E+02
 10601     1.032778E+03 -4.748776E+02  1.066765E+03 -6.726164E+01  9.600735E-01  6.720228E+01
 10602     1.027208E+03 -4.829291E+02  9.804413E+02 -7.217871E+01  1.010133E+00  7.135179E+01
 10901     1.125648E+03 -5.435895E+02  9.191103E+02  8.417099E+01  8.032235E-01 -8.450134E+01
 11001     1.148060E+03 -4.907952E+02  9.495330E+02 -1.638394E+02  4.308138E+00  1.636858E+02
 11301     3.706756E+03 -7.489307E+02  9.836479E+02  1.790077E+02  9.015271E+01  8.998569E+01
 11302     3.706756E+03 -7.489307E+02  9.836479E+02  1.790077E+02  9.015271E+01  8.998569E+01
 11303     3.707979E+03 -6.789421E+02  9.832616E+02 -9.384938E+01  3.060687E+00  9.286120E+01
 11304     3.858476E+03 -3.967028E+02  8.904654E+02  1.114614E+01  3.374095E+00 -1.010467E+01
 11305     3.709125E+03 -4.500666E+02  8.955872E+02 -2.456670E+01  2.575764E+00  2.483233E+01
 11306     3.700704E+03 -4.987315E+02  1.156075E+03 -1.613418E+01  4.464886E+00  1.569895E+01
 11307     3.561672E+03 -5.661726E+02  9.984194E+02 -1.301482E+01  8.167186E+00  1.373274E+01
 11401     3.713908E+03 -4.643226E+02  1.112133E+03 -8.343492E+01  2.025617E+00  8.358011E+01
 11402     3.717954E+03 -4.865709E+02  9.985769E+02 -8.254818E+01  1.755614E+00  8.405176E+01
 13601     1.005941E+03 -2.665444E+02  9.442788E+02 -1.799977E+02  8.991409E+01 -1.283163E+00
 13602     1.005400E+03 -4.870000E+02  9.597718E+02  1.798593E+02  9.401997E+01 -1.288074E+00
 13605     1.005940E+03 -2.411801E+02  9.443168E+02 -1.799977E+02  8.991409E+01 -1.283163E+00
 13801     3.705257E+03 -2.675001E+02  1.005742E+03 -1.799983E+02  8.992637E+01 -3.740915E-02
 13802     3.706353E+03 -4.882185E+02  9.946417E+02 -1.797154E+02  8.712094E+01 -4.469973E-02
 13805     3.705253E+03 -1.586785E+02  1.005882E+03 -1.799983E+02  8.992637E+01 -3.740915E-02
 20501     1.005062E+03  7.482359E+02  9.760985E+02 -2.554663E-01  9.089116E+01  9.127156E+01
 20502     1.005062E+03  7.482359E+02  9.760985E+02 -2.554663E-01  9.089116E+01  9.127156E+01
 20503     1.004616E+03  6.482489E+02  9.745432E+02  2.580462E+01  9.919900E-01 -2.605670E+01
 20504     1.021835E+03  4.926685E+02  8.850665E+02  1.631479E+01  5.172670E+00 -1.575180E+01
 20505     1.011205E+03  4.953070E+02  8.795410E+02 -2.969060E+01  3.976831E+00  2.990344E+01
 20506     1.026743E+03  6.094973E+02  1.144798E+03 -7.674495E+00  1.075087E+01  6.102691E+00
 20601     1.032762E+03  4.752413E+02  1.067988E+03 -1.024412E+02  9.201429E-01  1.024998E+02
 20602     1.027166E+03  4.836213E+02  9.809818E+02 -9.824161E+01  9.798097E-01  9.901649E+01
 20901     1.125661E+03  5.443300E+02  9.199310E+02  8.494349E+01  6.891619E-01 -8.463649E+01
 21001     1.148064E+03  4.915401E+02  9.501021E+02 -1.643510E+01  4.237166E+00  1.658286E+01
 21301     3.706478E+03  7.494651E+02  9.839146E+02  1.049445E+00  9.029851E+01  9.001431E+01
 21302     3.706478E+03  7.494651E+02  9.839146E+02  1.049445E+00  9.029851E+01  9.001431E+01
 21303     3.707771E+03  6.794790E+02  9.833502E+02 -8.338250E+01  3.073636E+00  8.442397E+01
 21304     3.858417E+03  3.976445E+02  8.909899E+02  1.685761E+02  3.471961E+00 -1.695875E+02
 21305     3.709058E+03  4.509253E+02  8.961239E+02 -1.552819E+02  2.566861E+00  1.550251E+02
 21306     3.700611E+03  4.988716E+02  1.156622E+03 -1.645375E+02  4.643625E+00  1.650080E+02
 21307     3.561562E+03  5.666792E+02  9.990099E+02 -1.676570E+02  8.503850E+00  1.669882E+02
 21401     3.713855E+03  4.646656E+02  1.113321E+03 -9.300706E+01  1.995996E+00  9.286628E+01
 21402     3.717890E+03  4.873285E+02  9.989904E+02 -9.334747E+01  1.728350E+00  9.186711E+01
 23601     1.005920E+03  2.672888E+02  9.450792E+02  2.277581E-03  9.008591E+01  1.283363E+00
 23602     1.005402E+03  4.877649E+02  9.602778E+02  1.346703E-01  9.394344E+01  1.288020E+00
 23605     1.005921E+03  2.418193E+02  9.450410E+02  2.277581E-03  9.008591E+01  1.283363E+00
 23801     3.705241E+03  2.680612E+02  1.006430E+03  1.662634E-03  9.007363E+01  3.803439E-02
 23802     3.706226E+03  4.887668E+02  9.950682E+02 -2.556325E-01  8.705301E+01  4.448758E-02
 23805     3.705244E+03  1.593212E+02  1.006291E+03  1.662634E-03  9.007363E+01  3.803439E-02
 30301     2.150000E+03  0.000000E+00  1.221030E+03 -8.674127E+01  1.295692E+00  8.674210E+01
 30401     2.150000E+03  0.000000E+00  1.221030E+03 -8.674127E+01  1.295692E+00  8.674210E+01
 30902     1.126043E+03 -5.437388E+02  9.490988E+02  9.105573E+01  2.723868E+00 -9.104562E+01
 30903     1.126037E+03 -5.147389E+02  9.490735E+02  9.027599E+01  1.071570E+01 -9.026867E+01
 30904     1.182591E+03 -5.147355E+02  9.383708E+02  4.007978E+01  1.638007E+01 -2.080270E+01
 30905     1.245459E+03 -4.797142E+02  9.343539E+02  3.421376E+01  3.213913E+01  1.715127E-01
 30906     1.290760E+03 -4.376814E+02  9.401931E+02  1.191781E+01  1.042960E+01 -5.364505E+01
 30907     1.306041E+03 -3.996662E+02  9.464629E+02 -9.000641E+01  2.232985E+01  7.752741E+01
 30908     1.306007E+03 -3.596663E+02  9.464506E+02  9.030931E+01  2.673288E+00 -9.026256E+01
 30909     1.305904E+03 -1.996666E+02  9.464756E+02  8.937752E+01  2.650508E+00 -8.935010E+01
 30910     1.305869E+03 -9.966675E+01  9.465505E+02  8.880792E+01  2.636611E+00 -8.879251E+01
 30911     1.305855E+03  3.330202E-01  9.466684E+02  8.827449E+01  2.622913E+00 -8.827106E+01
 30912     1.305863E+03  1.003327E+02  9.468250E+02  8.779793E+01  2.609330E+00 -8.780644E+01
 30913     1.305893E+03  2.003324E+02  9.470147E+02  8.739924E+01  2.595755E+00 -8.741969E+01
 30914     1.305984E+03  3.603317E+02  9.473677E+02  8.698096E+01  2.573736E+00 -8.702050E+01
 30915     1.306015E+03  4.003315E+02  9.474621E+02 -8.971350E+01  2.244489E+01  1.021743E+02
 30916     1.290744E+03  4.383578E+02  9.412342E+02  1.686368E+02  1.029781E+01 -1.269148E+02
 30917     1.245454E+03  4.803988E+02  9.353688E+02  1.458767E+02  3.197659E+01  1.797248E+02
 30918     1.182576E+03  5.154110E+02  9.392927E+02  1.400807E+02  1.621000E+01 -1.593633E+02
 30919     1.125994E+03  5.153950E+02  9.498509E+02  8.919350E+01  1.056961E+01 -8.919054E+01
 30920     1.125999E+03  5.443949E+02  9.499260E+02  8.670312E+01  2.580703E+00 -8.670988E+01
 31002     1.171414E+03  3.556836E-01  9.257838E+02 -8.644780E+01  1.196467E+00  8.644864E+01
 31003     1.171414E+03  3.508184E-01  9.257838E+02 -8.644780E+01  1.196467E+00  8.644864E+01
 31004     1.212634E+03 -1.584006E+02  9.276879E+02 -8.520190E+01  1.210332E+00  8.521711E+01
 31201     2.194355E+03 -4.103210E+02  1.471568E+03 -9.002361E+01  1.089437E+02 -7.784478E-02
 31202     2.057878E+03 -4.102648E+02  1.424725E+03 -9.002361E+01  1.089437E+02 -7.784478E-02
 31203     1.784923E+03 -4.101523E+02  1.331039E+03  8.997639E+01  7.105629E+01  7.784478E-02
 31204     1.591278E+03 -3.750413E+02  1.233231E+03  5.848398E+01  5.276521E+01  9.188980E-01
 31205     1.476854E+03 -3.048785E+02  1.131222E+03  5.848398E+01  5.276521E+01  9.188980E-01
 31206     1.362517E+03 -2.347687E+02  1.029292E+03 -1.215160E+02  1.272340E+02 -9.188445E-01
 31701     1.304175E+03  5.208931E+00  1.026386E+03 -8.616823E+01  1.286135E+00  8.616955E+01
 31702     1.783719E+03  7.689386E+00  1.052136E+03  8.887231E+01  9.022582E+01 -4.542636E+00
 32001     1.005034E+03 -7.474513E+02  9.758255E+02  2.523241E-01  8.919684E+01  9.127153E+01
 32301     1.005062E+03  7.482359E+02  9.760985E+02 -2.554663E-01  9.089116E+01  9.127156E+01
 32701     3.706756E+03 -7.489307E+02  9.836479E+02 -9.922528E-01  8.984729E+01  9.001431E+01
 33001     3.706478E+03  7.494651E+02  9.839146E+02  1.049445E+00  9.029851E+01  9.001431E+01
 33603     1.005936E+03 -1.426803E+02  9.444645E+02 -1.799977E+02  8.991409E+01 -1.283263E+00
 33604     1.146326E+03 -1.496978E+02  9.599019E+02  8.999286E+01  8.374369E+01  8.642675E-02
 33701     1.662701E+03 -1.497278E+02  9.935747E+02  8.999732E+01  8.669675E+01  8.605500E-02
 33702     2.167028E+03 -1.509785E+02  1.018830E+03  8.887231E+01  9.022582E+01  1.112167E-01
 33803     3.705249E+03  7.321341E+00  1.006095E+03 -1.799983E+02  8.992637E+01 -3.772177E-02
 33804     3.564307E+03  3.055367E-01  1.015207E+03 -8.999360E+01  8.632055E+01  4.572962E+00
 33901     2.926628E+03 -1.715792E+00  1.034934E+03 -8.979509E+01  8.848206E+01  4.574296E+00
 33902     2.301289E+03 -2.498728E+00  1.050095E+03 -9.112769E+01  8.977418E+01  4.542636E+00
 34001     2.204521E+03 -1.517165E+02  1.018682E+03 -9.112769E+01  8.977418E+01 -1.112167E-01
 34201     2.150000E+03  0.000000E+00  1.221030E+03  0.000000E+00  0.000000E+00  0.000000E+00
 
 AGGREGATE MASS/C.G. PROPERTIES
 -----------------------------------------------------
 Total Mass       : 1.552E+03 KILOGRAM
 CG Before Static : (2.070E+03, -4.959E+00, 1.145E+03) 
 CG After Static  : (2.070E+03, -4.965E+00, 1.145E+03) 
 
 
 CUMULATIVE COMPUTE TIME INFORMATION
 ----------------------------------------
 Preprocessing Model      : 6.050E-01 sec
 Core Analysis            : 1.079E+00 sec
 Postprocessing/Messaging : 1.710E-01 sec
 Total Elapsed Time       : 1.855E+00 sec

 
INPUT:
 [Project 1 model.xml]
 
OUTPUT:
 [Project 1 model.mrf]
 [Project 1 model.log]
 
STATICS SIMULATION COMPLETED
 
 Activate SENSOR/341001
--------------------------------------------------------------------------
<< ALTAIR DRIVER :: Setting driver outputs.
<< ALTAIR DRIVER :: Deactivating joints and lock motions.
 Deactivate MOTION/5001
 Deactivate JPRIM/303001
 Deactivate JPRIM/303002
 Deactivate JOINT/303001
WARNING: Element JOINT/303001 not found!
         DEACTIVATE command ignored.
 Deactivate JOINT/303002
WARNING: Element JOINT/303002 not found!
         DEACTIVATE command ignored.
--------------------------------------------------------------------------
<< ALTAIR DRIVER :: Loading Maneuver 1...
<< ALTAIR DRIVER :: Instantiating Open Loop Controller, OL_STEER_0, for STEER...
<< ALTAIR DRIVER :: Setting up Signal Generator/Constant.
<< ALTAIR DRIVER :: Signal Generator instantiated.
 Activate MOTION/341001
<< ALTAIR DRIVER :: Open Loop Controller instantiated for STEER.
 
<< ALTAIR DRIVER :: Instantiating FeedForward Traction Controller/Velocity, FF_TRACTION_CONTROLLER, for THROTTLE...
<< ALTAIR DRIVER :: Setting up Signal Generator/Constant.
<< ALTAIR DRIVER :: Signal Generator instantiated.
<< ALTAIR DRIVER :: FeedForward Traction Controller/Velocity, FF_TRACTION_CONTROLLER, for THROTTLE instantiated.
 
<< ALTAIR DRIVER :: Giving BRAKE control to FF_TRACTION_CONTROLLER
 
<< ALTAIR DRIVER :: Instantiating Gear Shift Controller/Engine Speed, GEAR_CLUTCH_CONTROL, for GEAR...
<< ALTAIR DRIVER :: Reading Gear Shift Map.
<< ALTAIR DRIVER :: Gear Shift Map read.
<< ALTAIR DRIVER :: Gear Shift Controller/Engine Speed for CLUTCH instantiated.
 
<< ALTAIR DRIVER :: Giving CLUTCH control to GEAR_CLUTCH_CONTROL.
 
<< ALTAIR DRIVER :: Loading controllers for the maneuver.
<< ALTAIR DRIVER :: Updating parameters for the maneuver.

Execute MODSET Utility...
 ORIGINAL: 
<Param_Transient id="0" h_max="0.001"/>
 MODIFIED: 
<Param_Transient id="0" h_max="0.01"/>

<< ALTAIR DRIVER :: Maneuver 1 loaded.
--------------------------------------------------------------------------

Execute MODSET Utility...
 ORIGINAL: 
<Simulate id="0" print_interval="0.01"/>
 MODIFIED: 
<Simulate id="0" print_interval="0.05"/>

Execute analysis [TRANSIENT Simulation for Maneuver 1]...
INFO: Starting SMP run with up to 8 threads.
 
INFO: Analysis model processed.
 
 
INFO: Total Number of Independent Coordinates  = 287

 
INFO: Number of Total Entries in Residual Vector: 11230
INFO: Number of Non-zero Entries in Jacobian Mtx: 79483 (0.0630253% Filled)
 
 
 Solving Initial Velocity...
WARNING: Initial velocity solution did not converge to specified value
         Inconsistent initial velocity seems be present, please check the model
         Proceeding with computed initial velocity.
    VY of [Part/30301]    Specified Value : 0    Computed Value  : -0.000113799
    VY of [Part/30401]    Specified Value : 0    Computed Value  : -0.000113799
    VY of [Part/10504]    Specified Value : 0    Computed Value  : -0.000260577
    VY of [Part/20504]    Specified Value : 0    Computed Value  : 0.000286244
    VY of [Part/10506]    Specified Value : 0    Computed Value  : 0.000678958
    VY of [Part/20506]    Specified Value : 0    Computed Value  : -0.000679874
    VY of [Part/11301]    Specified Value : 0    Computed Value  : 0.000109068
    VY of [Part/21301]    Specified Value : 0    Computed Value  : -0.000229557
    VY of [Part/11302]    Specified Value : 0    Computed Value  : 0.000109068
    VY of [Part/21302]    Specified Value : 0    Computed Value  : -0.000229557
    VY of [Part/11303]    Specified Value : 0    Computed Value  : -0.000147126
    VY of [Part/21303]    Specified Value : 0    Computed Value  : 0.000320045
    VY of [Part/21304]    Specified Value : 0    Computed Value  : -0.000122788
    VY of [Part/11306]    Specified Value : 0    Computed Value  : -0.000105681
    VY of [Part/21306]    Specified Value : 0    Computed Value  : 0.000189368
    VY of [Part/31702]    Specified Value : 0    Computed Value  : 0.000374205
    WY of [Part/32001]    Specified Value : -0.000478    Computed Value  : 4.25768e-06
    WZ of [Part/32001]    Specified Value : 16.4576    Computed Value  : 16.4532
    WY of [Part/32301]    Specified Value : -0.000477    Computed Value  : -4.46576e-06
    WZ of [Part/32301]    Specified Value : 16.4561    Computed Value  : 16.4518
    VY of [Part/32701]    Specified Value : 0    Computed Value  : 0.000109068
    WX of [Part/32701]    Specified Value : 5e-06    Computed Value  : -0.000193258
    WY of [Part/32701]    Specified Value : -0.000476    Computed Value  : 5.14984e-05
    WZ of [Part/32701]    Specified Value : 16.4076    Computed Value  : 16.402
    VY of [Part/33001]    Specified Value : 0    Computed Value  : -0.000229557
    WX of [Part/33001]    Specified Value : 5e-06    Computed Value  : 0.000380694
    WY of [Part/33001]    Specified Value : -0.000476    Computed Value  : -0.000101948
    WZ of [Part/33001]    Specified Value : 16.4054    Computed Value  : 16.3992
    VY of [Part/33701]    Specified Value : 0    Computed Value  : -0.000952514
    VY of [Part/33702]    Specified Value : 0    Computed Value  : -0.00483607
    VY of [Part/23801]    Specified Value : 0    Computed Value  : 0.000177759
    VY of [Part/23802]    Specified Value : 0    Computed Value  : 0.000124171
    VY of [Part/33803]    Specified Value : 0    Computed Value  : -0.00032551
    VY of [Part/33804]    Specified Value : 0    Computed Value  : -0.000312031
    VY of [Part/13805]    Specified Value : 0    Computed Value  : -0.000325665
    VY of [Part/23805]    Specified Value : 0    Computed Value  : -0.000325367
    VY of [Part/33901]    Specified Value : 0    Computed Value  : 0.00313154
    VY of [Part/33902]    Specified Value : 0    Computed Value  : 0.00302154
    VY of [Part/34001]    Specified Value : 0    Computed Value  : 0.000805979
    VY of [Part/34201]    Specified Value : 0    Computed Value  : -0.000113799
 
 <Initial Velocity Table>
 
 Part ID        VX           VY             VZ           WX            WY             WZ
 --------------------------------------------------------------------------------------------
  30301   -4.998726E+03 -1.137993E-04 -1.128782E+02  0.000000E+00  0.000000E+00  0.000000E+00
  30401   -4.998726E+03 -1.137993E-04 -1.128782E+02  0.000000E+00  0.000000E+00  0.000000E+00
  10501   -4.998726E+03 -3.362831E-05 -1.128781E+02  0.000000E+00 -4.257685E-06 -1.645321E+01
  20501   -4.998725E+03  6.409731E-05 -1.128782E+02  0.000000E+00 -4.465755E-06  1.645176E+01
  10502   -4.998726E+03 -3.362831E-05 -1.128781E+02  0.000000E+00 -4.257685E-06 -1.645321E+01
  20502   -4.998725E+03  6.409731E-05 -1.128782E+02  0.000000E+00 -4.465755E-06  1.645176E+01
  10503   -4.998726E+03 -3.949257E-05 -1.128785E+02 -4.251572E-06 -2.014173E-06  0.000000E+00
  20503   -4.998725E+03  7.088308E-05 -1.128786E+02  4.456711E-06 -2.481839E-06  0.000000E+00
  10504   -4.998726E+03 -2.605772E-04 -1.128780E+02  2.620922E-06  0.000000E+00  4.314477E-06
  20504   -4.998726E+03  2.862441E-04 -1.128780E+02 -3.106862E-06  0.000000E+00 -5.075885E-06
  10505   -4.998726E+03  0.000000E+00 -1.128781E+02  0.000000E+00  0.000000E+00  0.000000E+00
  20505   -4.998726E+03  0.000000E+00 -1.128781E+02  0.000000E+00  0.000000E+00  0.000000E+00
  10506   -4.998726E+03  6.789582E-04 -1.128786E+02  0.000000E+00  0.000000E+00  0.000000E+00
  20506   -4.998726E+03 -6.798738E-04 -1.128787E+02  0.000000E+00  0.000000E+00  0.000000E+00
  10601   -4.998726E+03  0.000000E+00 -1.128781E+02  0.000000E+00  0.000000E+00  0.000000E+00
  20601   -4.998726E+03  0.000000E+00 -1.128781E+02  0.000000E+00  0.000000E+00  0.000000E+00
  10602   -4.998726E+03  0.000000E+00 -1.128781E+02  0.000000E+00  0.000000E+00  0.000000E+00
  20602   -4.998726E+03  0.000000E+00 -1.128781E+02  0.000000E+00  0.000000E+00  0.000000E+00
  10901   -4.998726E+03  0.000000E+00 -1.128781E+02  0.000000E+00  0.000000E+00  0.000000E+00
  20901   -4.998726E+03  0.000000E+00 -1.128781E+02  0.000000E+00  0.000000E+00  0.000000E+00
  30902   -4.998726E+03  0.000000E+00 -1.128781E+02  0.000000E+00  0.000000E+00  0.000000E+00
  30903   -4.998726E+03  0.000000E+00 -1.128781E+02  0.000000E+00  0.000000E+00  0.000000E+00
  30904   -4.998726E+03  0.000000E+00 -1.128781E+02  0.000000E+00  0.000000E+00  0.000000E+00
  30905   -4.998726E+03  0.000000E+00 -1.128781E+02  0.000000E+00  0.000000E+00  0.000000E+00
  30906   -4.998726E+03  0.000000E+00 -1.128781E+02  0.000000E+00  0.000000E+00  0.000000E+00
  30907   -4.998726E+03  0.000000E+00 -1.128781E+02  0.000000E+00  0.000000E+00  0.000000E+00
  30908   -4.998726E+03  0.000000E+00 -1.128781E+02  0.000000E+00  0.000000E+00  0.000000E+00
  30909   -4.998726E+03  0.000000E+00 -1.128781E+02  0.000000E+00  0.000000E+00  0.000000E+00
  30910   -4.998726E+03  0.000000E+00 -1.128781E+02  0.000000E+00  0.000000E+00  0.000000E+00
  30911   -4.998726E+03  0.000000E+00 -1.128781E+02  0.000000E+00  0.000000E+00  0.000000E+00
  30912   -4.998726E+03  0.000000E+00 -1.128781E+02  0.000000E+00  0.000000E+00  0.000000E+00
  30913   -4.998726E+03  0.000000E+00 -1.128781E+02  0.000000E+00  0.000000E+00  0.000000E+00
  30914   -4.998726E+03  0.000000E+00 -1.128781E+02  0.000000E+00  0.000000E+00  0.000000E+00
  30915   -4.998726E+03  0.000000E+00 -1.128781E+02  0.000000E+00  0.000000E+00  0.000000E+00
  30916   -4.998726E+03  0.000000E+00 -1.128781E+02  0.000000E+00  0.000000E+00  0.000000E+00
  30917   -4.998726E+03  0.000000E+00 -1.128781E+02  0.000000E+00  0.000000E+00  0.000000E+00
  30918   -4.998726E+03  0.000000E+00 -1.128781E+02  0.000000E+00  0.000000E+00  0.000000E+00
  30919   -4.998726E+03  0.000000E+00 -1.128781E+02  0.000000E+00  0.000000E+00  0.000000E+00
  30920   -4.998726E+03  0.000000E+00 -1.128781E+02  0.000000E+00  0.000000E+00  0.000000E+00
  11001   -4.998726E+03 -3.678252E-05 -1.128781E+02  0.000000E+00  1.349706E-06  0.000000E+00
  21001   -4.998726E+03  5.063696E-05 -1.128780E+02 -1.247115E-06  1.512970E-06 -1.327810E-06
  31002   -4.998726E+03 -7.584088E-06 -1.128779E+02  0.000000E+00  1.382577E-06  0.000000E+00
  31003   -4.998726E+03 -9.489273E-06 -1.128779E+02  0.000000E+00  1.382577E-06  0.000000E+00
  31004   -4.998726E+03  7.148414E-06 -1.128780E+02  0.000000E+00  1.301214E-06  0.000000E+00
  31201   -4.998726E+03  6.670444E-05 -1.128779E+02  0.000000E+00  0.000000E+00  0.000000E+00
  31202   -4.998726E+03  3.753003E-05 -1.128779E+02  0.000000E+00  0.000000E+00  0.000000E+00
  31203   -4.998726E+03 -2.081878E-05 -1.128779E+02  0.000000E+00  0.000000E+00  0.000000E+00
  31204   -4.998726E+03 -2.584531E-05 -1.128780E+02  0.000000E+00  0.000000E+00  0.000000E+00
  31205   -4.998726E+03  7.345981E-06 -1.128781E+02  0.000000E+00  0.000000E+00  0.000000E+00
  31206   -4.998726E+03  2.387132E-06 -1.128781E+02  0.000000E+00  0.000000E+00  0.000000E+00
  11301   -4.998729E+03  1.090678E-04 -1.128767E+02 -1.932581E-04 -5.149842E-05 -1.640196E+01
  21301   -4.998733E+03 -2.295574E-04 -1.128757E+02  3.806939E-04 -1.019483E-04  1.639917E+01
  11302   -4.998729E+03  1.090678E-04 -1.128767E+02 -1.932581E-04 -5.149842E-05 -1.640196E+01
  21302   -4.998733E+03 -2.295574E-04 -1.128757E+02  3.806939E-04 -1.019483E-04  1.639917E+01
  11303   -4.998716E+03 -1.471255E-04 -1.128803E+02 -6.168355E-05  6.700362E-06 -1.902523E-04
  21303   -4.998706E+03  3.200453E-04 -1.128828E+02  1.220256E-04  1.266007E-05  3.747413E-04
  11304   -4.998725E+03  7.007090E-05 -1.128780E+02  2.079020E-06  0.000000E+00  1.402811E-05
  21304   -4.998725E+03 -1.227876E-04 -1.128780E+02 -5.138115E-06 -2.409150E-06 -2.817941E-05
  11305   -4.998726E+03  0.000000E+00 -1.128781E+02  0.000000E+00  0.000000E+00  0.000000E+00
  21305   -4.998726E+03  0.000000E+00 -1.128781E+02  0.000000E+00  0.000000E+00  0.000000E+00
  11306   -4.998725E+03 -1.056814E-04 -1.128781E+02  2.509374E-05  4.181298E-06  9.555268E-05
  21306   -4.998725E+03  1.893683E-04 -1.128781E+02 -5.094621E-05  1.555576E-05 -1.877818E-04
  11307   -4.998726E+03  0.000000E+00 -1.128781E+02  0.000000E+00  0.000000E+00  0.000000E+00
  21307   -4.998726E+03  0.000000E+00 -1.128781E+02  0.000000E+00  0.000000E+00  0.000000E+00
  11401   -4.998726E+03  0.000000E+00 -1.128781E+02  0.000000E+00  0.000000E+00  0.000000E+00
  21401   -4.998726E+03  0.000000E+00 -1.128781E+02  0.000000E+00  0.000000E+00  0.000000E+00
  11402   -4.998726E+03  0.000000E+00 -1.128781E+02  0.000000E+00  0.000000E+00  0.000000E+00
  21402   -4.998726E+03  0.000000E+00 -1.128781E+02  0.000000E+00  0.000000E+00  0.000000E+00
  31701   -4.998726E+03 -3.793663E-05 -1.128777E+02  3.744474E-06  0.000000E+00  0.000000E+00
  31702   -4.998726E+03  3.742052E-04 -1.128781E+02  0.000000E+00  0.000000E+00  6.062739E+01
  32001   -4.998726E+03 -3.362831E-05 -1.128781E+02  0.000000E+00  4.257685E-06  1.645321E+01
  32301   -4.998725E+03  6.409731E-05 -1.128782E+02  0.000000E+00 -4.465755E-06  1.645176E+01
  32701   -4.998729E+03  1.090678E-04 -1.128767E+02 -1.932581E-04  5.149842E-05  1.640196E+01
  33001   -4.998733E+03 -2.295574E-04 -1.128757E+02  3.806939E-04 -1.019483E-04  1.639917E+01
  13601   -4.998726E+03 -4.917434E-05 -1.128785E+02 -3.744472E-06  0.000000E+00 -1.645321E+01
  23601   -4.998726E+03 -6.364135E-05 -1.128765E+02  3.744475E-06  0.000000E+00  1.645176E+01
  13602   -4.998726E+03 -4.257418E-05 -1.128784E+02  0.000000E+00  0.000000E+00 -1.645321E+01
  23602   -4.998726E+03  1.585133E-06 -1.128774E+02 -4.273873E-06 -1.330920E-06  1.645176E+01
  33603   -4.998726E+03 -2.808966E-06 -1.128780E+02 -3.744474E-06  0.000000E+00 -1.645248E+01
  33604   -4.998726E+03  6.863875E-05 -1.128781E+02  0.000000E+00  0.000000E+00  6.087420E+01
  13605   -4.998726E+03 -2.255236E-06 -1.128784E+02 -3.744472E-06  0.000000E+00 -1.645321E+01
  23605   -4.998726E+03 -4.970480E-06 -1.128766E+02  3.744475E-06  0.000000E+00  1.645176E+01
  33701   -4.998726E+03 -9.525144E-04 -1.128784E+02  0.000000E+00 -2.373449E-06  6.079336E+01
  33702   -4.998726E+03 -4.836074E-03 -1.128790E+02  0.000000E+00  0.000000E+00  6.089681E+01
  13801   -4.998726E+03 -8.636810E-05 -1.128780E+02  0.000000E+00  0.000000E+00 -1.640196E+01
  23801   -4.998726E+03  1.777588E-04 -1.128784E+02  0.000000E+00  0.000000E+00  1.639918E+01
  13802   -4.998724E+03 -5.833059E-05 -1.128784E+02 -1.618001E-06  9.253358E-06 -1.640196E+01
  23802   -4.998722E+03  1.241714E-04 -1.128791E+02 -3.174720E-06 -1.792273E-05  1.639918E+01
  33803   -4.998726E+03 -3.255095E-04 -1.128782E+02  0.000000E+00  0.000000E+00 -1.640057E+01
  33804   -4.998726E+03 -3.120312E-04 -1.128782E+02  0.000000E+00  0.000000E+00 -6.068211E+01
  13805   -4.998726E+03 -3.256648E-04 -1.128781E+02  0.000000E+00  0.000000E+00 -1.640196E+01
  23805   -4.998726E+03 -3.253674E-04 -1.128783E+02  0.000000E+00  0.000000E+00  1.639918E+01
  33901   -4.998726E+03  3.131538E-03 -1.128786E+02  0.000000E+00 -1.200754E-06 -6.063916E+01
  33902   -4.998726E+03  3.021540E-03 -1.128787E+02  0.000000E+00  1.164126E-06 -6.062739E+01
  34001   -4.998726E+03  8.059793E-04 -1.128789E+02  0.000000E+00  0.000000E+00 -6.089681E+01
  34201   -4.998726E+03 -1.137993E-04 -1.128782E+02  0.000000E+00  0.000000E+00  0.000000E+00
 
 Starting dynamic analysis...
 
   
 DYNAMIC SIMULATION PARAMETERS
 ----------------------------------------
 Start Time                   : 0.000E+00
 End   Time                   : 2.000E+00
 Print Interval               : 5.000E-02
 
 Integrator                   : DSTIFF
 Error Tolerance              : 1.000E-03
 Maximum Step Size            : 1.000E-02
 Minimum Step Size            : 1.000E-06
 DAE Index                    : 3
 DAE Constraint Tolerance     : 1.000E-05
 

 +----------------------------------+
 Maximum initial residual=7.609E-02, idx=10975, SV/34100400U9

 Time=2.682E-04; Order=1; H=2.682E-04 [Max Phi=2.522E-10]
 Time=2.272E-01; Order=4; H=8.584E-03 [Max Phi=1.466E-07]
 Time=4.359E-01; Order=3; H=1.000E-02 [Max Phi=2.138E-07]
 Time=6.359E-01; Order=4; H=1.000E-02 [Max Phi=3.953E-06]
 Time=8.359E-01; Order=2; H=1.000E-02 [Max Phi=7.570E-06]
 Time=1.036E+00; Order=2; H=1.000E-02 [Max Phi=2.155E-06]
 Time=1.236E+00; Order=2; H=1.000E-02 [Max Phi=6.299E-07]
 Time=1.436E+00; Order=2; H=1.000E-02 [Max Phi=2.215E-06]
 Time=1.636E+00; Order=1; H=1.000E-02 [Max Phi=3.885E-06]
 Time=1.836E+00; Order=1; H=1.000E-02 [Max Phi=1.575E-06]
 Time=2.000E+00; Order=1; H=1.413E-02 [Max Phi=5.137E-08]
 
 DAE SOLVER STATISTICS (DASPK-Index3)
 ------------------------------------------------
 Number of solution steps                 = 212
 Number of residue evaluations            = 496
 Number of jacobian computations          = 312
 Number of error test failures            = 0
 Number of nonlinear convergence failures = 0
 
 
 CUMULATIVE COMPUTE TIME INFORMATION
 ----------------------------------------
 Preprocessing Model      : 1.089E+00 sec
 Core Analysis            : 6.926E+00 sec
 Postprocessing/Messaging : 3.210E-01 sec
 Total Elapsed Time       : 8.336E+00 sec

 
 DISTRIBUTION OF CUMULATIVE COMPUTE TIME
 ----------------------------------------------------
 Residual Evaluation      : 1.885E+00 sec (500 times)
 Jacobian Evaluation      : 1.129E+00 sec (326 times)
 Jacobian Factorization   : 2.053E+00 sec
 RHS Solution             : 2.540E-01 sec
 User-subroutine Calls    : 5.860E-01 sec
 
 Core Evaluation Percentage   : 43.52 %
 Linear Solution Percentage   : 33.31 %
 Core Stepping Fcn Percentage :  2.05 %
 Unaccounted Misc. Operations : 21.12 %
 

 
INPUT:
 [Project 1 model.xml]
 
OUTPUT:
 [Project 1 model.mrf]
 [Project 1 model.log]
 
TRANSIENT SIMULATION COMPLETED
 
--------------------------------------------------------------------------
<< ALTAIR DRIVER :: Loading Maneuver 2...
<< ALTAIR DRIVER :: Instantiating Open Loop Controller, OL_STEER_0, for STEER...
<< ALTAIR DRIVER :: Setting up Signal Generator/Constant.
<< ALTAIR DRIVER :: Signal Generator instantiated.
 Activate MOTION/341001
<< ALTAIR DRIVER :: Open Loop Controller instantiated for STEER.
 
<< ALTAIR DRIVER :: Instantiating FeedForward Traction Controller/Velocity, FF_TRACTION_CONTROLLER1, for THROTTLE...
<< ALTAIR DRIVER :: Setting up Signal Generator/Expression.
<< ALTAIR DRIVER :: Using VARVAL/34102200 as signal.
<< ALTAIR DRIVER :: Reference_Variable/34102200/expr will be updated to:5000.0 + 1962.0 * {%TIME} at the start of the maneuver.
<< ALTAIR DRIVER :: Signal Generator instantiated.
<< ALTAIR DRIVER :: FeedForward Traction Controller/Velocity, FF_TRACTION_CONTROLLER1, for THROTTLE instantiated.
 
<< ALTAIR DRIVER :: Giving BRAKE control to FF_TRACTION_CONTROLLER1
 
<< ALTAIR DRIVER :: Instantiating Gear Shift Controller/Engine Speed, GEAR_CLUTCH_CONTROL, for GEAR...
<< ALTAIR DRIVER :: Reading Gear Shift Map.
<< ALTAIR DRIVER :: Gear Shift Map read.
<< ALTAIR DRIVER :: Gear Shift Controller/Engine Speed for CLUTCH instantiated.
 
<< ALTAIR DRIVER :: Giving CLUTCH control to GEAR_CLUTCH_CONTROL.
 
<< ALTAIR DRIVER :: Loading controllers for the maneuver.
<< ALTAIR DRIVER :: Updating parameters for the maneuver.
<< ALTAIR DRIVER :: Maneuver 2 loaded.
--------------------------------------------------------------------------
Execute analysis [TRANSIENT Simulation for Maneuver 2]...
INFO: Starting SMP run with up to 8 threads.
 
INFO: Analysis model processed.
 
 
INFO: Total Number of Independent Coordinates  = 287

 
INFO: Number of Total Entries in Residual Vector: 11185
INFO: Number of Non-zero Entries in Jacobian Mtx: 79958 (0.0639131% Filled)
 
 
 Starting dynamic analysis...
 
   
 DYNAMIC SIMULATION PARAMETERS
 ----------------------------------------
 Start Time                   : 2.000E+00
 End   Time                   : 1.200E+01
 Print Interval               : 5.000E-02
 
 Integrator                   : DSTIFF
 Error Tolerance              : 1.000E-03
 Maximum Step Size            : 1.000E-02
 Minimum Step Size            : 1.000E-06
 DAE Index                    : 3
 DAE Constraint Tolerance     : 1.000E-05
 

 +----------------------------------+
 Time=2.681E+00; Order=1; H=1.000E-02 [Max Phi=5.020E-06]
 Time=3.081E+00; Order=1; H=1.000E-02 [Max Phi=8.673E-06]
 Time=3.644E+00; Order=1; H=5.000E-03 [Max Phi=3.144E-07]
 Time=4.081E+00; Order=1; H=1.000E-02 [Max Phi=2.120E-06]
 Time=4.821E+00; Order=1; H=1.000E-02 [Max Phi=1.627E-06]
 Time=5.081E+00; Order=1; H=1.000E-02 [Max Phi=2.203E-06]
 Time=5.804E+00; Order=1; H=1.000E-02 [Max Phi=1.147E-06]
 Time=6.081E+00; Order=1; H=9.736E-03 [Max Phi=4.208E-06]
 Time=6.783E+00; Order=1; H=8.806E-03 [Max Phi=5.140E-10]
 Time=7.077E+00; Order=1; H=8.468E-03 [Max Phi=2.555E-06]
 Time=7.654E+00; Order=1; H=7.871E-03 [Max Phi=9.837E-06]
 Time=8.076E+00; Order=1; H=7.490E-03 [Max Phi=1.697E-07]
 Time=8.648E+00; Order=1; H=7.023E-03 [Max Phi=5.693E-07]
 Time=9.074E+00; Order=1; H=6.715E-03 [Max Phi=1.430E-06]
 Time=9.578E+00; Order=1; H=6.384E-03 [Max Phi=6.900E-06]
 Time=1.002E+01; Order=1; H=6.116E-03 [Max Phi=3.406E-06]
 Time=1.050E+01; Order=1; H=5.853E-03 [Max Phi=2.248E-06]
 Time=1.096E+01; Order=1; H=5.620E-03 [Max Phi=4.601E-06]
 Time=1.102E+01; Order=1; H=5.593E-03 [Max Phi=7.645E-07]
 Time=1.147E+01; Order=1; H=5.380E-03 [Max Phi=2.890E-06]
 Time=1.191E+01; Order=1; H=5.194E-03 [Max Phi=7.144E-06]
 Time=1.200E+01; Order=1; H=6.692E-03 [Max Phi=1.223E-06]
 
 DAE SOLVER STATISTICS (DASPK-Index3)
 ------------------------------------------------
 Number of solution steps                 = 1527
 Number of residue evaluations            = 3366
 Number of jacobian computations          = 2930
 Number of error test failures            = 0
 Number of nonlinear convergence failures = 16
 
 
 CUMULATIVE COMPUTE TIME INFORMATION
 ----------------------------------------
 Preprocessing Model      : 1.280E+00 sec
 Core Analysis            : 5.837E+01 sec
 Postprocessing/Messaging : 7.960E-01 sec
 Total Elapsed Time       : 6.044E+01 sec

 
 DISTRIBUTION OF CUMULATIVE COMPUTE TIME
 ----------------------------------------------------
 Residual Evaluation      : 5.360E+00 sec (3371 times)
 Jacobian Evaluation      : 9.162E+00 sec (2944 times)
 Jacobian Factorization   : 2.108E+01 sec
 RHS Solution             : 1.639E+00 sec
 User-subroutine Calls    : 3.918E+00 sec
 
 Core Evaluation Percentage   : 24.88 %
 Linear Solution Percentage   : 38.92 %
 Core Stepping Fcn Percentage :  1.03 %
 Unaccounted Misc. Operations : 35.17 %
 

 
INPUT:
 [Project 1 model.xml]
 
OUTPUT:
 [Project 1 model.mrf]
 [Project 1 model.log]
 
TRANSIENT SIMULATION COMPLETED
 
 
Execution terminated by STOP command.
 

---  1-FEB-2023 18:34:10 ---



